<?xml version="1.0" encoding="UTF-8"?>
<testng-results ignored="0" total="1" passed="1" failed="0" skipped="0">
  <reporter-output>
  </reporter-output>
  <suite started-at="2022-04-13T16:23:00 SAST" name="Default suite" finished-at="2022-04-13T16:23:51 SAST" duration-ms="51522">
    <groups>
    </groups>
    <test started-at="2022-04-13T16:23:00 SAST" name="Default test" finished-at="2022-04-13T16:23:51 SAST" duration-ms="51522">
      <class name="testcases.Navigateandsearch">
        <test-method is-config="true" signature="openbrowser()[pri:0, instance:testcases.Navigateandsearch@6cd28fa7]" started-at="2022-04-13T16:23:00 SAST" name="openbrowser" finished-at="2022-04-13T16:23:21 SAST" duration-ms="20968" status="PASS">
          <reporter-output>
          </reporter-output>
        </test-method> <!-- openbrowser -->
        <test-method signature="Homenavigation()[pri:0, instance:testcases.Navigateandsearch@6cd28fa7]" started-at="2022-04-13T16:23:21 SAST" name="Homenavigation" finished-at="2022-04-13T16:23:43 SAST" duration-ms="22665" status="PASS">
          <reporter-output>
          </reporter-output>
        </test-method> <!-- Homenavigation -->
        <test-method is-config="true" signature="closebrowser()[pri:0, instance:testcases.Navigateandsearch@6cd28fa7]" started-at="2022-04-13T16:23:44 SAST" name="closebrowser" finished-at="2022-04-13T16:23:51 SAST" duration-ms="7789" status="PASS">
          <reporter-output>
          </reporter-output>
        </test-method> <!-- closebrowser -->
      </class> <!-- testcases.Navigateandsearch -->
    </test> <!-- Default test -->
  </suite> <!-- Default suite -->
</testng-results>
